(0000) 3000  0011000000000000 (  19)                 .ORIG x3000
(3000) 22BD  0010001010111101 (  21)                 LD    R1 INPUTS
(3001) 24BF  0010010010111111 (  22)                 LD    R2 COUNTER
(3002) 2CC0  0010110011000000 (  23)                 LD    R6 ASCII2DEC
(3003) 14BF  0001010010111111 (  27) STEP1           ADD   R2 R2 #-1
(3004) 080B  0000100000001011 (  28)                 BRN   STEP2
(3005) 16E2  0001011011100010 (  29)                 ADD   R3 R3 #2
(3006) E0BE  1110000010111110 (  30)                 LEA   R0 PROMPT
(3007) F022  1111000000100010 (  31)                 TRAP  x22
(3008) F020  1111000000100000 (  33) INPUT_SCORES    TRAP  x20
(3009) F021  1111000000100001 (  34)                 TRAP  x21
(300A) 485A  0100100001011010 (  35)                 JSR   CHECK_INPUT
(300B) 7040  0111000001000000 (  36)                 STR   R0 R1 #0
(300C) 1261  0001001001100001 (  37)                 ADD   R1 R1 #1
(300D) 16FF  0001011011111111 (  38)                 ADD   R3 R3 #-1
(300E) 03F9  0000001111111001 (  39)                 BRP   INPUT_SCORES
(300F) 05F3  0000010111110011 (  40)                 BRZ   STEP1
(3010) 22B0  0010001010110000 (  44) STEP2           LD    R1 COUNTER
(3011) 24AC  0010010010101100 (  45)                 LD    R2 INPUTS
(3012) 26AC  0010011010101100 (  46)                 LD    R3 SCORES
(3013) 4882  0100100010000010 (  47)                 JSR   STORE_SCORES
(3014) E0D5  1110000011010101 (  48)                 LEA   R0 NEWLINE
(3015) F022  1111000000100010 (  49)                 TRAP  x22
(3016) F022  1111000000100010 (  50)                 TRAP  x22
(3017) 22A6  0010001010100110 (  51)                 LD    R1 INPUTS
(3018) 26A6  0010011010100110 (  52)                 LD    R3 SCORES
(3019) 24A7  0010010010100111 (  53)                 LD    R2 COUNTER
(301A) 0406  0000010000000110 (  57) STEP3           BRZ   STEP4
(301B) 485E  0100100001011110 (  58)                 JSR   OUTPUT_SCORE
(301C) 1261  0001001001100001 (  59)                 ADD   R1 R1 #1
(301D) 4864  0100100001100100 (  60)                 JSR   LETTERGRADE
(301E) 16E1  0001011011100001 (  61)                 ADD   R3 R3 #1
(301F) 14BF  0001010010111111 (  62)                 ADD   R2 R2 #-1
(3020) 0FF9  0000111111111001 (  63)                 BRNZP STEP3
(3021) 5020  0101000000100000 (  67) STEP4           AND   R0 R0 #0
(3022) 5DA0  0101110110100000 (  68)                 AND   R6 R6 #0
(3023) 229A  0010001010011010 (  69)                 LD    R1 INPUTS
(3024) 249A  0010010010011010 (  70)                 LD    R2 SCORES
(3025) 2699  0010011010011001 (  71)                 LD    R3 SCORES
(3026) 68C0  0110100011000000 (  72)                 LDR   R4 R3 #0
(3027) 2C99  0010110010011001 (  73)                 LD    R6 COUNTER
(3028) 1DBF  0001110110111111 (  75) MIN_LOOP        ADD   R6 R6 #-1
(3029) 040E  0000010000001110 (  76)                 BRZ   OUTPUT_MIN
(302A) 1021  0001000000100001 (  77)                 ADD   R0 R0 #1
(302B) 14A1  0001010010100001 (  78)                 ADD   R2 R2 #1
(302C) 6A80  0110101010000000 (  79)                 LDR   R5 R2 #0
(302D) 9B7F  1001101101111111 (  80)                 NOT   R5 R5
(302E) 1B61  0001101101100001 (  81)                 ADD   R5 R5 #1
(302F) 1F05  0001111100000101 (  82)                 ADD   R7 R4 R5
(3030) 0DF7  0000110111110111 (  83)                 BRNZ  MIN_LOOP
(3031) 0200  0000001000000000 (  84)                 BRP   NEW_MIN
(3032) 1262  0001001001100010 (  86) NEW_MIN         ADD   R1 R1 #2
(3033) 16E1  0001011011100001 (  87)                 ADD   R3 R3 #1
(3034) 103F  0001000000111111 (  88)                 ADD   R0 R0 #-1
(3035) 03FC  0000001111111100 (  89)                 BRP   NEW_MIN
(3036) 6880  0110100010000000 (  90)                 LDR   R4 R2 #0
(3037) 0FF0  0000111111110000 (  91)                 BRNZP MIN_LOOP
(3038) E0B3  1110000010110011 (  95) OUTPUT_MIN      LEA   R0 MINOUT
(3039) F022  1111000000100010 (  96)                 TRAP  x22
(303A) 483F  0100100000111111 (  97)                 JSR   OUTPUT_SCORE
(303B) 4846  0100100001000110 (  98)                 JSR   LETTERGRADE
(303C) 5020  0101000000100000 ( 101)                 AND   R0 R0 #0
(303D) 5DA0  0101110110100000 ( 102)                 AND   R6 R6 #0
(303E) 227F  0010001001111111 ( 103)                 LD    R1 INPUTS
(303F) 247F  0010010001111111 ( 104)                 LD    R2 SCORES
(3040) 267E  0010011001111110 ( 105)                 LD    R3 SCORES
(3041) 68C0  0110100011000000 ( 106)                 LDR   R4 R3 #0
(3042) 993F  1001100100111111 ( 107)                 NOT   R4 R4
(3043) 193F  0001100100111111 ( 108)                 ADD   R4 R4 #-1
(3044) 2C7C  0010110001111100 ( 109)                 LD    R6 COUNTER
(3045) 1DBF  0001110110111111 ( 111) MAX_LOOP        ADD   R6 R6 #-1
(3046) 040E  0000010000001110 ( 112)                 BRZ   OUTPUT_MAX
(3047) 1021  0001000000100001 ( 113)                 ADD   R0 R0 #1
(3048) 14A1  0001010010100001 ( 114)                 ADD   R2 R2 #1
(3049) 6A80  0110101010000000 ( 115)                 LDR   R5 R2 #0
(304A) 1F05  0001111100000101 ( 116)                 ADD   R7 R4 R5
(304B) 0DF9  0000110111111001 ( 117)                 BRNZ  MAX_LOOP
(304C) 0200  0000001000000000 ( 118)                 BRP   NEW_MAX
(304D) 1262  0001001001100010 ( 120) NEW_MAX         ADD   R1 R1 #2
(304E) 16E1  0001011011100001 ( 121)                 ADD   R3 R3 #1
(304F) 103F  0001000000111111 ( 122)                 ADD   R0 R0 #-1
(3050) 03FC  0000001111111100 ( 123)                 BRP   NEW_MAX
(3051) 6880  0110100010000000 ( 124)                 LDR   R4 R2 #0
(3052) 993F  1001100100111111 ( 125)                 NOT   R4 R4
(3053) 193F  0001100100111111 ( 126)                 ADD   R4 R4 #-1
(3054) 0FF0  0000111111110000 ( 127)                 BRNZP MAX_LOOP
(3055) E0AB  1110000010101011 ( 131) OUTPUT_MAX      LEA   R0 MAXOUT
(3056) F022  1111000000100010 ( 132)                 TRAP  x22
(3057) 4822  0100100000100010 ( 133)                 JSR   OUTPUT_SCORE
(3058) 4829  0100100000101001 ( 134)                 JSR   LETTERGRADE
(3059) 56E0  0101011011100000 ( 137)                 AND   R3 R3 #0
(305A) 2264  0010001001100100 ( 138)                 LD    R1 SCORES
(305B) 2065  0010000001100101 ( 139)                 LD    R0 COUNTER
(305C) 484B  0100100001001011 ( 140)                 JSR   AVERAGE
(305D) 126A  0001001001101010 ( 141)                 ADD   R1 R1 #10
(305E) 2C63  0010110001100011 ( 142)                 LD    R6 DEC2ASCII
(305F) 1006  0001000000000110 ( 143)                 ADD   R0 R0 R6
(3060) F021  1111000000100001 ( 144)                 TRAP  x21
(3061) 1046  0001000001000110 ( 145)                 ADD   R0 R1 R6
(3062) F021  1111000000100001 ( 146)                 TRAP  x21
(3063) 481E  0100100000011110 ( 147)                 JSR   LETTERGRADE
(3064) F025  1111000000100101 ( 148)                 TRAP  x25
(3065) 3E5E  0011111001011110 ( 153) CHECK_INPUT     ST    R7 SAVE7
(3066) 5920  0101100100100000 ( 154)                 AND   R4 R4 #0
(3067) 1900  0001100100000000 ( 155)                 ADD   R4 R4 R0
(3068) 1906  0001100100000110 ( 156)                 ADD   R4 R4 R6
(3069) 0804  0000100000000100 ( 157)                 BRN   INVALID_INPUT
(306A) 1937  0001100100110111 ( 158)                 ADD   R4 R4 #-9
(306B) 0202  0000001000000010 ( 159)                 BRP   INVALID_INPUT
(306C) 2E57  0010111001010111 ( 160)                 LD    R7 SAVE7
(306D) C1C0  1100000111000000 ( 161)                 RET   
(306E) E06A  1110000001101010 ( 163) INVALID_INPUT   LEA   R0 INVALID
(306F) F022  1111000000100010 ( 164)                 TRAP  x22
(3070) E054  1110000001010100 ( 165)                 LEA   R0 PROMPT
(3071) F022  1111000000100010 ( 166)                 TRAP  x22
(3072) 16FF  0001011011111111 ( 167)                 ADD   R3 R3 #-1
(3073) 0201  0000001000000001 ( 168)                 BRP   FIRST_INPUT
(3074) 0402  0000010000000010 ( 169)                 BRZ   SECOND_DIGIT
(3075) 16E1  0001011011100001 ( 171) FIRST_INPUT     ADD   R3 R3 #1
(3076) 0F91  0000111110010001 ( 172)                 BRNZP INPUT_SCORES
(3077) 127F  0001001001111111 ( 174) SECOND_DIGIT    ADD   R1 R1 #-1
(3078) 16E2  0001011011100010 ( 175)                 ADD   R3 R3 #2
(3079) 0F8E  0000111110001110 ( 176)                 BRNZP INPUT_SCORES
(307A) 3E49  0011111001001001 ( 180) OUTPUT_SCORE    ST    R7 SAVE7
(307B) 6040  0110000001000000 ( 181)                 LDR   R0 R1 #0
(307C) F021  1111000000100001 ( 182)                 TRAP  x21
(307D) 1261  0001001001100001 ( 183)                 ADD   R1 R1 #1
(307E) 6040  0110000001000000 ( 184)                 LDR   R0 R1 #0
(307F) F021  1111000000100001 ( 185)                 TRAP  x21
(3080) 2E43  0010111001000011 ( 186)                 LD    R7 SAVE7
(3081) C1C0  1100000111000000 ( 187)                 RET   
(3082) 3E41  0011111001000001 ( 191) LETTERGRADE     ST    R7 SAVE7
(3083) E0A2  1110000010100010 ( 192)                 LEA   R0 LETTERS
(3084) 1B64  0001101101100100 ( 193)                 ADD   R5 R5 #4
(3085) 68C0  0110100011000000 ( 194)                 LDR   R4 R3 #0
(3086) 2C3C  0010110000111100 ( 195)                 LD    R6 ASCII2DEC
(3087) 1906  0001100100000110 ( 196)                 ADD   R4 R4 R6
(3088) 1935  0001100100110101 ( 197)                 ADD   R4 R4 #-11
(3089) 0C06  0000110000000110 ( 198)                 BRNZ  OUTPUT_GRADE
(308A) 1028  0001000000101000 ( 200) GRADE_LOOP      ADD   R0 R0 #8
(308B) 1B7F  0001101101111111 ( 201)                 ADD   R5 R5 #-1
(308C) 0403  0000010000000011 ( 202)                 BRZ   OUTPUT_GRADE
(308D) 1936  0001100100110110 ( 203)                 ADD   R4 R4 #-10
(308E) 0C01  0000110000000001 ( 204)                 BRNZ  OUTPUT_GRADE
(308F) 0FFA  0000111111111010 ( 205)                 BRNZP GRADE_LOOP
(3090) 5DA0  0101110110100000 ( 207) OUTPUT_GRADE    AND   R6 R6 #0
(3091) F022  1111000000100010 ( 208)                 TRAP  x22
(3092) E057  1110000001010111 ( 209)                 LEA   R0 NEWLINE
(3093) F022  1111000000100010 ( 210)                 TRAP  x22
(3094) 2E2F  0010111000101111 ( 211)                 LD    R7 SAVE7
(3095) C1C0  1100000111000000 ( 212)                 RET   
(3096) 3E2D  0011111000101101 ( 216) STORE_SCORES    ST    R7 SAVE7
(3097) 5920  0101100100100000 ( 217)                 AND   R4 R4 #0
(3098) 6080  0110000010000000 ( 218)                 LDR   R0 R2 #0
(3099) 1006  0001000000000110 ( 219)                 ADD   R0 R0 R6
(309A) 192A  0001100100101010 ( 221) TENSPLACE       ADD   R4 R4 #10
(309B) 103F  0001000000111111 ( 222)                 ADD   R0 R0 #-1
(309C) 03FD  0000001111111101 ( 223)                 BRP   TENSPLACE
(309D) 14A1  0001010010100001 ( 224)                 ADD   R2 R2 #1
(309E) 6080  0110000010000000 ( 225)                 LDR   R0 R2 #0
(309F) 1006  0001000000000110 ( 226)                 ADD   R0 R0 R6
(30A0) 1900  0001100100000000 ( 227)                 ADD   R4 R4 R0
(30A1) 78C0  0111100011000000 ( 228)                 STR   R4 R3 #0
(30A2) 14A1  0001010010100001 ( 229)                 ADD   R2 R2 #1
(30A3) 16E1  0001011011100001 ( 230)                 ADD   R3 R3 #1
(30A4) 127F  0001001001111111 ( 231)                 ADD   R1 R1 #-1
(30A5) 03F0  0000001111110000 ( 232)                 BRP   STORE_SCORES
(30A6) 2E1D  0010111000011101 ( 233)                 LD    R7 SAVE7
(30A7) C1C0  1100000111000000 ( 234)                 RET   
(30A8) 3E1B  0011111000011011 ( 238) AVERAGE         ST    R7 SAVE7
(30A9) 6440  0110010001000000 ( 240) SUM_SCORES      LDR   R2 R1 #0
(30AA) 16C2  0001011011000010 ( 241)                 ADD   R3 R3 R2
(30AB) 1261  0001001001100001 ( 242)                 ADD   R1 R1 #1
(30AC) 103F  0001000000111111 ( 243)                 ADD   R0 R0 #-1
(30AD) 03FB  0000001111111011 ( 244)                 BRP   SUM_SCORES
(30AE) 5260  0101001001100000 ( 245)                 AND   R1 R1 #0
(30AF) 1261  0001001001100001 ( 247) DIVIDE_SUM      ADD   R1 R1 #1
(30B0) 16FB  0001011011111011 ( 248)                 ADD   R3 R3 #-5
(30B1) 03FD  0000001111111101 ( 249)                 BRP   DIVIDE_SUM
(30B2) 0800  0000100000000000 ( 250)                 BRN   OUTPUT_AVERAGE_GRADE
(30B3) E062  1110000001100010 ( 252) OUTPUT_AVERAGE_GRADE LEA   R0 AVGOUT
(30B4) F022  1111000000100010 ( 253)                 TRAP  x22
(30B5) 5020  0101000000100000 ( 254)                 AND   R0 R0 #0
(30B6) 2609  0010011000001001 ( 255)                 LD    R3 AVG_DEC
(30B7) 72C0  0111001011000000 ( 256)                 STR   R1 R3 #0
(30B8) 1276  0001001001110110 ( 258) AVG_TENSPLACE   ADD   R1 R1 #-10
(30B9) 0802  0000100000000010 ( 259)                 BRN   END_AVERAGE
(30BA) 1021  0001000000100001 ( 260)                 ADD   R0 R0 #1
(30BB) 03FC  0000001111111100 ( 261)                 BRP   AVG_TENSPLACE
(30BC) 2E07  0010111000000111 ( 263) END_AVERAGE     LD    R7 SAVE7
(30BD) C1C0  1100000111000000 ( 264)                 RET   
(30BE) 5000  0101000000000000 ( 267) INPUTS          .FILL x5000
(30BF) 500A  0101000000001010 ( 268) SCORES          .FILL x500A
(30C0) 5011  0101000000010001 ( 269) AVG_DEC         .FILL x5011
(30C1) 0005  0000000000000101 ( 270) COUNTER         .FILL x0005
(30C2) 0030  0000000000110000 ( 271) DEC2ASCII       .FILL x0030
(30C3) FFD0  1111111111010000 ( 272) ASCII2DEC       .FILL xFFD0
(30C4) 0007  0000000000000111 ( 273) SAVE7           .FILL x0007
(30C5) 000A  0000000000001010 ( 274) PROMPT          .FILL x000A
(30C6) 0045  0000000001000101 ( 274)                 .FILL x0045
(30C7) 006E  0000000001101110 ( 274)                 .FILL x006E
(30C8) 0074  0000000001110100 ( 274)                 .FILL x0074
(30C9) 0065  0000000001100101 ( 274)                 .FILL x0065
(30CA) 0072  0000000001110010 ( 274)                 .FILL x0072
(30CB) 0020  0000000000100000 ( 274)                 .FILL x0020
(30CC) 0074  0000000001110100 ( 274)                 .FILL x0074
(30CD) 0065  0000000001100101 ( 274)                 .FILL x0065
(30CE) 0073  0000000001110011 ( 274)                 .FILL x0073
(30CF) 0074  0000000001110100 ( 274)                 .FILL x0074
(30D0) 0020  0000000000100000 ( 274)                 .FILL x0020
(30D1) 0073  0000000001110011 ( 274)                 .FILL x0073
(30D2) 0063  0000000001100011 ( 274)                 .FILL x0063
(30D3) 006F  0000000001101111 ( 274)                 .FILL x006F
(30D4) 0072  0000000001110010 ( 274)                 .FILL x0072
(30D5) 0065  0000000001100101 ( 274)                 .FILL x0065
(30D6) 003A  0000000000111010 ( 274)                 .FILL x003A
(30D7) 0020  0000000000100000 ( 274)                 .FILL x0020
(30D8) 0000  0000000000000000 ( 274)                 .FILL x0000
(30D9) 000A  0000000000001010 ( 275) INVALID         .FILL x000A
(30DA) 000A  0000000000001010 ( 275)                 .FILL x000A
(30DB) 0049  0000000001001001 ( 275)                 .FILL x0049
(30DC) 006E  0000000001101110 ( 275)                 .FILL x006E
(30DD) 0076  0000000001110110 ( 275)                 .FILL x0076
(30DE) 0061  0000000001100001 ( 275)                 .FILL x0061
(30DF) 006C  0000000001101100 ( 275)                 .FILL x006C
(30E0) 0069  0000000001101001 ( 275)                 .FILL x0069
(30E1) 0064  0000000001100100 ( 275)                 .FILL x0064
(30E2) 0020  0000000000100000 ( 275)                 .FILL x0020
(30E3) 0069  0000000001101001 ( 275)                 .FILL x0069
(30E4) 006E  0000000001101110 ( 275)                 .FILL x006E
(30E5) 0070  0000000001110000 ( 275)                 .FILL x0070
(30E6) 0075  0000000001110101 ( 275)                 .FILL x0075
(30E7) 0074  0000000001110100 ( 275)                 .FILL x0074
(30E8) 002E  0000000000101110 ( 275)                 .FILL x002E
(30E9) 0000  0000000000000000 ( 275)                 .FILL x0000
(30EA) 000A  0000000000001010 ( 276) NEWLINE         .FILL x000A
(30EB) 0000  0000000000000000 ( 276)                 .FILL x0000
(30EC) 000A  0000000000001010 ( 277) MINOUT          .FILL x000A
(30ED) 004D  0000000001001101 ( 277)                 .FILL x004D
(30EE) 0069  0000000001101001 ( 277)                 .FILL x0069
(30EF) 006E  0000000001101110 ( 277)                 .FILL x006E
(30F0) 0069  0000000001101001 ( 277)                 .FILL x0069
(30F1) 006D  0000000001101101 ( 277)                 .FILL x006D
(30F2) 0075  0000000001110101 ( 277)                 .FILL x0075
(30F3) 006D  0000000001101101 ( 277)                 .FILL x006D
(30F4) 0020  0000000000100000 ( 277)                 .FILL x0020
(30F5) 0074  0000000001110100 ( 277)                 .FILL x0074
(30F6) 0065  0000000001100101 ( 277)                 .FILL x0065
(30F7) 0073  0000000001110011 ( 277)                 .FILL x0073
(30F8) 0074  0000000001110100 ( 277)                 .FILL x0074
(30F9) 0020  0000000000100000 ( 277)                 .FILL x0020
(30FA) 0073  0000000001110011 ( 277)                 .FILL x0073
(30FB) 0063  0000000001100011 ( 277)                 .FILL x0063
(30FC) 006F  0000000001101111 ( 277)                 .FILL x006F
(30FD) 0072  0000000001110010 ( 277)                 .FILL x0072
(30FE) 0065  0000000001100101 ( 277)                 .FILL x0065
(30FF) 000A  0000000000001010 ( 277)                 .FILL x000A
(3100) 0000  0000000000000000 ( 277)                 .FILL x0000
(3101) 000A  0000000000001010 ( 278) MAXOUT          .FILL x000A
(3102) 004D  0000000001001101 ( 278)                 .FILL x004D
(3103) 0061  0000000001100001 ( 278)                 .FILL x0061
(3104) 0078  0000000001111000 ( 278)                 .FILL x0078
(3105) 0069  0000000001101001 ( 278)                 .FILL x0069
(3106) 006D  0000000001101101 ( 278)                 .FILL x006D
(3107) 0075  0000000001110101 ( 278)                 .FILL x0075
(3108) 006D  0000000001101101 ( 278)                 .FILL x006D
(3109) 0020  0000000000100000 ( 278)                 .FILL x0020
(310A) 0074  0000000001110100 ( 278)                 .FILL x0074
(310B) 0065  0000000001100101 ( 278)                 .FILL x0065
(310C) 0073  0000000001110011 ( 278)                 .FILL x0073
(310D) 0074  0000000001110100 ( 278)                 .FILL x0074
(310E) 0020  0000000000100000 ( 278)                 .FILL x0020
(310F) 0073  0000000001110011 ( 278)                 .FILL x0073
(3110) 0063  0000000001100011 ( 278)                 .FILL x0063
(3111) 006F  0000000001101111 ( 278)                 .FILL x006F
(3112) 0072  0000000001110010 ( 278)                 .FILL x0072
(3113) 0065  0000000001100101 ( 278)                 .FILL x0065
(3114) 000A  0000000000001010 ( 278)                 .FILL x000A
(3115) 0000  0000000000000000 ( 278)                 .FILL x0000
(3116) 000A  0000000000001010 ( 279) AVGOUT          .FILL x000A
(3117) 0041  0000000001000001 ( 279)                 .FILL x0041
(3118) 0076  0000000001110110 ( 279)                 .FILL x0076
(3119) 0065  0000000001100101 ( 279)                 .FILL x0065
(311A) 0072  0000000001110010 ( 279)                 .FILL x0072
(311B) 0061  0000000001100001 ( 279)                 .FILL x0061
(311C) 0067  0000000001100111 ( 279)                 .FILL x0067
(311D) 0065  0000000001100101 ( 279)                 .FILL x0065
(311E) 0020  0000000000100000 ( 279)                 .FILL x0020
(311F) 0073  0000000001110011 ( 279)                 .FILL x0073
(3120) 0063  0000000001100011 ( 279)                 .FILL x0063
(3121) 006F  0000000001101111 ( 279)                 .FILL x006F
(3122) 0072  0000000001110010 ( 279)                 .FILL x0072
(3123) 0065  0000000001100101 ( 279)                 .FILL x0065
(3124) 000A  0000000000001010 ( 279)                 .FILL x000A
(3125) 0000  0000000000000000 ( 279)                 .FILL x0000
(3126) 0020  0000000000100000 ( 280) LETTERS         .FILL x0020
(3127) 0020  0000000000100000 ( 280)                 .FILL x0020
(3128) 0020  0000000000100000 ( 280)                 .FILL x0020
(3129) 0020  0000000000100000 ( 280)                 .FILL x0020
(312A) 0020  0000000000100000 ( 280)                 .FILL x0020
(312B) 0020  0000000000100000 ( 280)                 .FILL x0020
(312C) 0046  0000000001000110 ( 280)                 .FILL x0046
(312D) 0000  0000000000000000 ( 280)                 .FILL x0000
(312E) 0020  0000000000100000 ( 281)                 .FILL x0020
(312F) 0020  0000000000100000 ( 281)                 .FILL x0020
(3130) 0020  0000000000100000 ( 281)                 .FILL x0020
(3131) 0020  0000000000100000 ( 281)                 .FILL x0020
(3132) 0020  0000000000100000 ( 281)                 .FILL x0020
(3133) 0020  0000000000100000 ( 281)                 .FILL x0020
(3134) 0044  0000000001000100 ( 281)                 .FILL x0044
(3135) 0000  0000000000000000 ( 281)                 .FILL x0000
(3136) 0020  0000000000100000 ( 282)                 .FILL x0020
(3137) 0020  0000000000100000 ( 282)                 .FILL x0020
(3138) 0020  0000000000100000 ( 282)                 .FILL x0020
(3139) 0020  0000000000100000 ( 282)                 .FILL x0020
(313A) 0020  0000000000100000 ( 282)                 .FILL x0020
(313B) 0020  0000000000100000 ( 282)                 .FILL x0020
(313C) 0043  0000000001000011 ( 282)                 .FILL x0043
(313D) 0000  0000000000000000 ( 282)                 .FILL x0000
(313E) 0020  0000000000100000 ( 283)                 .FILL x0020
(313F) 0020  0000000000100000 ( 283)                 .FILL x0020
(3140) 0020  0000000000100000 ( 283)                 .FILL x0020
(3141) 0020  0000000000100000 ( 283)                 .FILL x0020
(3142) 0020  0000000000100000 ( 283)                 .FILL x0020
(3143) 0020  0000000000100000 ( 283)                 .FILL x0020
(3144) 0042  0000000001000010 ( 283)                 .FILL x0042
(3145) 0000  0000000000000000 ( 283)                 .FILL x0000
(3146) 0020  0000000000100000 ( 284)                 .FILL x0020
(3147) 0020  0000000000100000 ( 284)                 .FILL x0020
(3148) 0020  0000000000100000 ( 284)                 .FILL x0020
(3149) 0020  0000000000100000 ( 284)                 .FILL x0020
(314A) 0020  0000000000100000 ( 284)                 .FILL x0020
(314B) 0020  0000000000100000 ( 284)                 .FILL x0020
(314C) 0041  0000000001000001 ( 284)                 .FILL x0041
(314D) 0000  0000000000000000 ( 284)                 .FILL x0000
